{"/Users/dmariani/Others/domain-events/src/DomainEvent.js": {"path":"/Users/dmariani/Others/domain-events/src/DomainEvent.js","statementMap":{"0":{"start":{"line":5,"column":34},"end":{"line":5,"column":62}},"1":{"start":{"line":7,"column":4},"end":{"line":11,"column":6}},"2":{"start":{"line":20,"column":15},"end":{"line":20,"column":19}},"3":{"start":{"line":21,"column":20},"end":{"line":21,"column":49}},"4":{"start":{"line":22,"column":23},"end":{"line":22,"column":55}},"5":{"start":{"line":23,"column":28},"end":{"line":23,"column":78}},"6":{"start":{"line":26,"column":6},"end":{"line":26,"column":23}},"7":{"start":{"line":30,"column":6},"end":{"line":30,"column":38}},"8":{"start":{"line":34,"column":6},"end":{"line":34,"column":31}},"9":{"start":{"line":38,"column":6},"end":{"line":42,"column":9}},"10":{"start":{"line":45,"column":4},"end":{"line":50,"column":7}},"11":{"start":{"line":55,"column":2},"end":{"line":57,"column":3}},"12":{"start":{"line":56,"column":4},"end":{"line":56,"column":97}},"13":{"start":{"line":59,"column":2},"end":{"line":59,"column":20}},"14":{"start":{"line":63,"column":2},"end":{"line":63,"column":31}},"15":{"start":{"line":67,"column":2},"end":{"line":69,"column":3}},"16":{"start":{"line":68,"column":4},"end":{"line":68,"column":22}},"17":{"start":{"line":71,"column":2},"end":{"line":71,"column":32}},"18":{"start":{"line":75,"column":2},"end":{"line":75,"column":44}},"19":{"start":{"line":78,"column":0},"end":{"line":78,"column":29}}},"fnMap":{"0":{"name":"(anonymous_0)","decl":{"start":{"line":4,"column":2},"end":{"line":4,"column":3}},"loc":{"start":{"line":4,"column":39},"end":{"line":12,"column":3}},"line":4},"1":{"name":"(anonymous_1)","decl":{"start":{"line":14,"column":2},"end":{"line":14,"column":3}},"loc":{"start":{"line":18,"column":4},"end":{"line":51,"column":3}},"line":18},"2":{"name":"name","decl":{"start":{"line":25,"column":13},"end":{"line":25,"column":17}},"loc":{"start":{"line":25,"column":20},"end":{"line":27,"column":5}},"line":25},"3":{"name":"payload","decl":{"start":{"line":29,"column":13},"end":{"line":29,"column":20}},"loc":{"start":{"line":29,"column":23},"end":{"line":31,"column":5}},"line":29},"4":{"name":"createdAt","decl":{"start":{"line":33,"column":13},"end":{"line":33,"column":22}},"loc":{"start":{"line":33,"column":25},"end":{"line":35,"column":5}},"line":33},"5":{"name":"serialize","decl":{"start":{"line":37,"column":13},"end":{"line":37,"column":22}},"loc":{"start":{"line":37,"column":25},"end":{"line":43,"column":5}},"line":37},"6":{"name":"validateEventName","decl":{"start":{"line":54,"column":9},"end":{"line":54,"column":26}},"loc":{"start":{"line":54,"column":39},"end":{"line":60,"column":1}},"line":54},"7":{"name":"parseEventPayload","decl":{"start":{"line":62,"column":9},"end":{"line":62,"column":26}},"loc":{"start":{"line":62,"column":42},"end":{"line":64,"column":1}},"line":62},"8":{"name":"calculateCurrentTimestamp","decl":{"start":{"line":66,"column":9},"end":{"line":66,"column":34}},"loc":{"start":{"line":66,"column":47},"end":{"line":72,"column":1}},"line":66},"9":{"name":"cloneValue","decl":{"start":{"line":74,"column":9},"end":{"line":74,"column":19}},"loc":{"start":{"line":74,"column":28},"end":{"line":76,"column":1}},"line":74}},"branchMap":{"0":{"loc":{"start":{"line":17,"column":4},"end":{"line":17,"column":34}},"type":"default-arg","locations":[{"start":{"line":17,"column":30},"end":{"line":17,"column":34}}],"line":17},"1":{"loc":{"start":{"line":55,"column":2},"end":{"line":57,"column":3}},"type":"if","locations":[{"start":{"line":55,"column":2},"end":{"line":57,"column":3}},{"start":{"line":55,"column":2},"end":{"line":57,"column":3}}],"line":55},"2":{"loc":{"start":{"line":63,"column":9},"end":{"line":63,"column":30}},"type":"binary-expr","locations":[{"start":{"line":63,"column":9},"end":{"line":63,"column":22}},{"start":{"line":63,"column":26},"end":{"line":63,"column":30}}],"line":63},"3":{"loc":{"start":{"line":67,"column":2},"end":{"line":69,"column":3}},"type":"if","locations":[{"start":{"line":67,"column":2},"end":{"line":69,"column":3}},{"start":{"line":67,"column":2},"end":{"line":69,"column":3}}],"line":67}},"s":{"0":1,"1":1,"2":18,"3":18,"4":17,"5":17,"6":11,"7":8,"8":5,"9":2,"10":17,"11":18,"12":1,"13":17,"14":17,"15":17,"16":1,"17":16,"18":8,"19":2},"f":{"0":1,"1":18,"2":11,"3":8,"4":5,"5":2,"6":18,"7":17,"8":17,"9":8},"b":{"0":[17],"1":[1,17],"2":[17,12],"3":[1,16]},"_coverageSchema":"332fd63041d2c1bcb487cc26dd0d5f7d97098a6c","hash":"286a716901bf3bddca121bb951fa8cbfa56de275"}
,"/Users/dmariani/Others/domain-events/src/EventBus.js": {"path":"/Users/dmariani/Others/domain-events/src/EventBus.js","statementMap":{"0":{"start":{"line":2,"column":20},"end":{"line":2,"column":44}},"1":{"start":{"line":7,"column":4},"end":{"line":7,"column":31}},"2":{"start":{"line":8,"column":4},"end":{"line":8,"column":34}},"3":{"start":{"line":12,"column":4},"end":{"line":12,"column":34}},"4":{"start":{"line":13,"column":4},"end":{"line":13,"column":35}},"5":{"start":{"line":15,"column":4},"end":{"line":16,"column":45}},"6":{"start":{"line":20,"column":4},"end":{"line":20,"column":26}},"7":{"start":{"line":22,"column":4},"end":{"line":25,"column":6}},"8":{"start":{"line":30,"column":2},"end":{"line":32,"column":3}},"9":{"start":{"line":31,"column":4},"end":{"line":31,"column":79}},"10":{"start":{"line":36,"column":2},"end":{"line":41,"column":3}},"11":{"start":{"line":40,"column":4},"end":{"line":40,"column":107}},"12":{"start":{"line":45,"column":2},"end":{"line":50,"column":3}},"13":{"start":{"line":49,"column":4},"end":{"line":49,"column":95}},"14":{"start":{"line":54,"column":2},"end":{"line":57,"column":4}},"15":{"start":{"line":61,"column":2},"end":{"line":61,"column":45}},"16":{"start":{"line":65,"column":2},"end":{"line":71,"column":3}},"17":{"start":{"line":66,"column":4},"end":{"line":67,"column":45}},"18":{"start":{"line":69,"column":4},"end":{"line":70,"column":33}},"19":{"start":{"line":75,"column":2},"end":{"line":77,"column":25}},"20":{"start":{"line":81,"column":2},"end":{"line":82,"column":25}},"21":{"start":{"line":86,"column":2},"end":{"line":88,"column":3}},"22":{"start":{"line":87,"column":4},"end":{"line":87,"column":43}},"23":{"start":{"line":90,"column":2},"end":{"line":90,"column":43}},"24":{"start":{"line":94,"column":2},"end":{"line":96,"column":32}},"25":{"start":{"line":99,"column":4},"end":{"line":103,"column":6}},"26":{"start":{"line":108,"column":2},"end":{"line":109,"column":57}},"27":{"start":{"line":113,"column":2},"end":{"line":115,"column":3}},"28":{"start":{"line":114,"column":4},"end":{"line":114,"column":33}},"29":{"start":{"line":117,"column":2},"end":{"line":119,"column":3}},"30":{"start":{"line":118,"column":4},"end":{"line":118,"column":26}},"31":{"start":{"line":123,"column":2},"end":{"line":131,"column":5}},"32":{"start":{"line":124,"column":4},"end":{"line":130,"column":10}},"33":{"start":{"line":125,"column":6},"end":{"line":129,"column":9}},"34":{"start":{"line":135,"column":2},"end":{"line":138,"column":4}},"35":{"start":{"line":141,"column":0},"end":{"line":141,"column":26}}},"fnMap":{"0":{"name":"(anonymous_0)","decl":{"start":{"line":6,"column":2},"end":{"line":6,"column":3}},"loc":{"start":{"line":6,"column":16},"end":{"line":9,"column":3}},"line":6},"1":{"name":"(anonymous_1)","decl":{"start":{"line":11,"column":2},"end":{"line":11,"column":3}},"loc":{"start":{"line":11,"column":38},"end":{"line":17,"column":3}},"line":11},"2":{"name":"(anonymous_2)","decl":{"start":{"line":19,"column":2},"end":{"line":19,"column":3}},"loc":{"start":{"line":19,"column":19},"end":{"line":26,"column":3}},"line":19},"3":{"name":"validateEvent","decl":{"start":{"line":29,"column":9},"end":{"line":29,"column":22}},"loc":{"start":{"line":29,"column":31},"end":{"line":33,"column":1}},"line":29},"4":{"name":"validateEventName","decl":{"start":{"line":35,"column":9},"end":{"line":35,"column":26}},"loc":{"start":{"line":35,"column":39},"end":{"line":42,"column":1}},"line":35},"5":{"name":"validateHandler","decl":{"start":{"line":44,"column":9},"end":{"line":44,"column":24}},"loc":{"start":{"line":44,"column":40},"end":{"line":51,"column":1}},"line":44},"6":{"name":"isAnObjectHandler","decl":{"start":{"line":53,"column":9},"end":{"line":53,"column":26}},"loc":{"start":{"line":53,"column":42},"end":{"line":58,"column":1}},"line":53},"7":{"name":"isAFunctionHandler","decl":{"start":{"line":60,"column":9},"end":{"line":60,"column":27}},"loc":{"start":{"line":60,"column":43},"end":{"line":62,"column":1}},"line":60},"8":{"name":"registerHandlerForEvent","decl":{"start":{"line":64,"column":9},"end":{"line":64,"column":32}},"loc":{"start":{"line":64,"column":60},"end":{"line":72,"column":1}},"line":64},"9":{"name":"registerHandlerForSpecificEvent","decl":{"start":{"line":74,"column":9},"end":{"line":74,"column":40}},"loc":{"start":{"line":74,"column":68},"end":{"line":78,"column":1}},"line":74},"10":{"name":"registerHandlerForAnyEvent","decl":{"start":{"line":80,"column":9},"end":{"line":80,"column":35}},"loc":{"start":{"line":80,"column":51},"end":{"line":83,"column":1}},"line":80},"11":{"name":"listHandlersForEvent","decl":{"start":{"line":85,"column":9},"end":{"line":85,"column":29}},"loc":{"start":{"line":85,"column":42},"end":{"line":91,"column":1}},"line":85},"12":{"name":"dispatchEventToRegisteredHandlers","decl":{"start":{"line":93,"column":9},"end":{"line":93,"column":42}},"loc":{"start":{"line":93,"column":51},"end":{"line":105,"column":1}},"line":93},"13":{"name":"mapHandlerToExecution","decl":{"start":{"line":98,"column":11},"end":{"line":98,"column":32}},"loc":{"start":{"line":98,"column":48},"end":{"line":104,"column":3}},"line":98},"14":{"name":"listAllHandlersForEvent","decl":{"start":{"line":107,"column":9},"end":{"line":107,"column":32}},"loc":{"start":{"line":107,"column":45},"end":{"line":110,"column":1}},"line":107},"15":{"name":"dispatchEventToHandler","decl":{"start":{"line":112,"column":9},"end":{"line":112,"column":31}},"loc":{"start":{"line":112,"column":55},"end":{"line":120,"column":1}},"line":112},"16":{"name":"deferredExecutionOf","decl":{"start":{"line":122,"column":9},"end":{"line":122,"column":28}},"loc":{"start":{"line":122,"column":68},"end":{"line":132,"column":1}},"line":122},"17":{"name":"(anonymous_17)","decl":{"start":{"line":123,"column":21},"end":{"line":123,"column":22}},"loc":{"start":{"line":123,"column":42},"end":{"line":131,"column":3}},"line":123},"18":{"name":"(anonymous_18)","decl":{"start":{"line":124,"column":15},"end":{"line":124,"column":16}},"loc":{"start":{"line":124,"column":21},"end":{"line":130,"column":5}},"line":124},"19":{"name":"executeDeferred","decl":{"start":{"line":134,"column":9},"end":{"line":134,"column":24}},"loc":{"start":{"line":134,"column":64},"end":{"line":139,"column":1}},"line":134}},"branchMap":{"0":{"loc":{"start":{"line":30,"column":2},"end":{"line":32,"column":3}},"type":"if","locations":[{"start":{"line":30,"column":2},"end":{"line":32,"column":3}},{"start":{"line":30,"column":2},"end":{"line":32,"column":3}}],"line":30},"1":{"loc":{"start":{"line":36,"column":2},"end":{"line":41,"column":3}},"type":"if","locations":[{"start":{"line":36,"column":2},"end":{"line":41,"column":3}},{"start":{"line":36,"column":2},"end":{"line":41,"column":3}}],"line":36},"2":{"loc":{"start":{"line":37,"column":4},"end":{"line":38,"column":37}},"type":"binary-expr","locations":[{"start":{"line":37,"column":4},"end":{"line":37,"column":34}},{"start":{"line":38,"column":4},"end":{"line":38,"column":37}}],"line":37},"3":{"loc":{"start":{"line":45,"column":2},"end":{"line":50,"column":3}},"type":"if","locations":[{"start":{"line":45,"column":2},"end":{"line":50,"column":3}},{"start":{"line":45,"column":2},"end":{"line":50,"column":3}}],"line":45},"4":{"loc":{"start":{"line":46,"column":4},"end":{"line":47,"column":38}},"type":"binary-expr","locations":[{"start":{"line":46,"column":4},"end":{"line":46,"column":37}},{"start":{"line":47,"column":4},"end":{"line":47,"column":38}}],"line":46},"5":{"loc":{"start":{"line":55,"column":4},"end":{"line":56,"column":46}},"type":"binary-expr","locations":[{"start":{"line":55,"column":4},"end":{"line":55,"column":37}},{"start":{"line":56,"column":4},"end":{"line":56,"column":46}}],"line":55},"6":{"loc":{"start":{"line":65,"column":2},"end":{"line":71,"column":3}},"type":"if","locations":[{"start":{"line":65,"column":2},"end":{"line":71,"column":3}},{"start":{"line":65,"column":2},"end":{"line":71,"column":3}}],"line":65},"7":{"loc":{"start":{"line":86,"column":2},"end":{"line":88,"column":3}},"type":"if","locations":[{"start":{"line":86,"column":2},"end":{"line":88,"column":3}},{"start":{"line":86,"column":2},"end":{"line":88,"column":3}}],"line":86},"8":{"loc":{"start":{"line":113,"column":2},"end":{"line":115,"column":3}},"type":"if","locations":[{"start":{"line":113,"column":2},"end":{"line":115,"column":3}},{"start":{"line":113,"column":2},"end":{"line":115,"column":3}}],"line":113},"9":{"loc":{"start":{"line":117,"column":2},"end":{"line":119,"column":3}},"type":"if","locations":[{"start":{"line":117,"column":2},"end":{"line":119,"column":3}},{"start":{"line":117,"column":2},"end":{"line":119,"column":3}}],"line":117}},"s":{"0":1,"1":14,"2":14,"3":17,"4":16,"5":14,"6":7,"7":6,"8":7,"9":1,"10":17,"11":1,"12":16,"13":1,"14":24,"15":15,"16":14,"17":12,"18":2,"19":12,"20":2,"21":18,"22":11,"23":18,"24":6,"25":8,"26":6,"27":8,"28":5,"29":8,"30":3,"31":8,"32":8,"33":8,"34":8,"35":1},"f":{"0":14,"1":17,"2":7,"3":7,"4":17,"5":16,"6":24,"7":15,"8":14,"9":12,"10":2,"11":18,"12":6,"13":8,"14":6,"15":8,"16":8,"17":8,"18":8,"19":8},"b":{"0":[1,6],"1":[1,16],"2":[17,3],"3":[1,14],"4":[16,7],"5":[24,15],"6":[12,2],"7":[11,7],"8":[5,3],"9":[3,5]},"_coverageSchema":"332fd63041d2c1bcb487cc26dd0d5f7d97098a6c","hash":"15ca606c067774a36e767338a96f4bf310ab48f7"}
}
