TN:
SF:/Users/dmariani/Others/domain-events/src/DomainEvent.js
FN:4,(anonymous_0)
FN:14,(anonymous_1)
FN:25,name
FN:29,payload
FN:33,createdAt
FN:37,serialize
FN:54,validateEventName
FN:62,parseEventPayload
FN:66,calculateCurrentTimestamp
FN:74,cloneValue
FNF:10
FNH:10
FNDA:1,(anonymous_0)
FNDA:18,(anonymous_1)
FNDA:11,name
FNDA:8,payload
FNDA:5,createdAt
FNDA:2,serialize
FNDA:18,validateEventName
FNDA:17,parseEventPayload
FNDA:17,calculateCurrentTimestamp
FNDA:8,cloneValue
DA:5,1
DA:7,1
DA:20,18
DA:21,18
DA:22,17
DA:23,17
DA:26,11
DA:30,8
DA:34,5
DA:38,2
DA:45,17
DA:55,18
DA:56,1
DA:59,17
DA:63,17
DA:67,17
DA:68,1
DA:71,16
DA:75,8
DA:78,2
LF:20
LH:20
BRDA:17,0,0,17
BRDA:55,1,0,1
BRDA:55,1,1,17
BRDA:63,2,0,17
BRDA:63,2,1,12
BRDA:67,3,0,1
BRDA:67,3,1,16
BRF:7
BRH:7
end_of_record
TN:
SF:/Users/dmariani/Others/domain-events/src/EventBus.js
FN:6,(anonymous_0)
FN:11,(anonymous_1)
FN:19,(anonymous_2)
FN:29,validateEvent
FN:35,validateEventName
FN:44,validateHandler
FN:53,isAnObjectHandler
FN:60,isAFunctionHandler
FN:64,registerHandlerForEvent
FN:74,registerHandlerForSpecificEvent
FN:80,registerHandlerForAnyEvent
FN:85,listHandlersForEvent
FN:93,dispatchEventToRegisteredHandlers
FN:98,mapHandlerToExecution
FN:107,listAllHandlersForEvent
FN:112,dispatchEventToHandler
FN:122,deferredExecutionOf
FN:123,(anonymous_17)
FN:124,(anonymous_18)
FN:134,executeDeferred
FNF:20
FNH:20
FNDA:14,(anonymous_0)
FNDA:17,(anonymous_1)
FNDA:7,(anonymous_2)
FNDA:7,validateEvent
FNDA:17,validateEventName
FNDA:16,validateHandler
FNDA:24,isAnObjectHandler
FNDA:15,isAFunctionHandler
FNDA:14,registerHandlerForEvent
FNDA:12,registerHandlerForSpecificEvent
FNDA:2,registerHandlerForAnyEvent
FNDA:18,listHandlersForEvent
FNDA:6,dispatchEventToRegisteredHandlers
FNDA:8,mapHandlerToExecution
FNDA:6,listAllHandlersForEvent
FNDA:8,dispatchEventToHandler
FNDA:8,deferredExecutionOf
FNDA:8,(anonymous_17)
FNDA:8,(anonymous_18)
FNDA:8,executeDeferred
DA:2,1
DA:7,14
DA:8,14
DA:12,17
DA:13,16
DA:15,14
DA:20,7
DA:22,6
DA:30,7
DA:31,1
DA:36,17
DA:40,1
DA:45,16
DA:49,1
DA:54,24
DA:61,15
DA:65,14
DA:66,12
DA:69,2
DA:75,12
DA:81,2
DA:86,18
DA:87,11
DA:90,18
DA:94,6
DA:99,8
DA:108,6
DA:113,8
DA:114,5
DA:117,8
DA:118,3
DA:123,8
DA:124,8
DA:125,8
DA:135,8
DA:141,1
LF:36
LH:36
BRDA:30,0,0,1
BRDA:30,0,1,6
BRDA:36,1,0,1
BRDA:36,1,1,16
BRDA:37,2,0,17
BRDA:37,2,1,3
BRDA:45,3,0,1
BRDA:45,3,1,14
BRDA:46,4,0,16
BRDA:46,4,1,7
BRDA:55,5,0,24
BRDA:55,5,1,15
BRDA:65,6,0,12
BRDA:65,6,1,2
BRDA:86,7,0,11
BRDA:86,7,1,7
BRDA:113,8,0,5
BRDA:113,8,1,3
BRDA:117,9,0,3
BRDA:117,9,1,5
BRF:20
BRH:20
end_of_record
